# JRE version: Java(TM) SE Runtime Environment (8.0_161-b12) (build 1.8.0_161-b12)
# Java VM: Java HotSpot(TM) 64-Bit Server VM (25.161-b12 mixed mode windows-amd64 compressed oops)
Heap:
 PSYoungGen      total 118784K, used 32044K [0x00000000eab00000, 0x00000000f3800000, 0x0000000100000000)
  eden space 113664K, 23% used [0x00000000eab00000,0x00000000ec58fee0,0x00000000f1a00000)
  from space 5120K, 94% used [0x00000000f3300000,0x00000000f37bb4a0,0x00000000f3800000)
  to   space 7680K, 0% used [0x00000000f2900000,0x00000000f2900000,0x00000000f3080000)
 ParOldGen       total 31232K, used 5160K [0x00000000c0000000, 0x00000000c1e80000, 0x00000000eab00000)
  object space 31232K, 16% used [0x00000000c0000000,0x00000000c050a2d0,0x00000000c1e80000)
 Metaspace       used 25570K, capacity 26309K, committed 26544K, reserved 1077248K
  class space    used 3318K, capacity 3498K, committed 3504K, reserved 1048576K
GC Heap History (10 events):
Event: 2.696 GC heap before
{Heap before GC invocations=3 (full 0):
 PSYoungGen      total 35328K, used 35315K [0x00000000eab00000, 0x00000000ed000000, 0x0000000100000000)
  eden space 32768K, 100% used [0x00000000eab00000,0x00000000ecb00000,0x00000000ecb00000)
  from space 2560K, 99% used [0x00000000ecd80000,0x00000000ecffcf98,0x00000000ed000000)
  to   space 2560K, 0% used [0x00000000ecb00000,0x00000000ecb00000,0x00000000ecd80000)
 ParOldGen       total 44032K, used 2320K [0x00000000c0000000, 0x00000000c2b00000, 0x00000000eab00000)
  object space 44032K, 5% used [0x00000000c0000000,0x00000000c02442b8,0x00000000c2b00000)
 Metaspace       used 15812K, capacity 16222K, committed 16384K, reserved 1062912K
  class space    used 2099K, capacity 2232K, committed 2304K, reserved 1048576K
Event: 2.705 GC heap after
Heap after GC invocations=3 (full 0):
 PSYoungGen      total 35328K, used 2560K [0x00000000eab00000, 0x00000000ef000000, 0x0000000100000000)
  eden space 32768K, 0% used [0x00000000eab00000,0x00000000eab00000,0x00000000ecb00000)
  from space 2560K, 100% used [0x00000000ecb00000,0x00000000ecd80000,0x00000000ecd80000)
  to   space 2560K, 0% used [0x00000000eed80000,0x00000000eed80000,0x00000000ef000000)
 ParOldGen       total 44032K, used 5823K [0x00000000c0000000, 0x00000000c2b00000, 0x00000000eab00000)
  object space 44032K, 13% used [0x00000000c0000000,0x00000000c05affb8,0x00000000c2b00000)
 Metaspace       used 15812K, capacity 16222K, committed 16384K, reserved 1062912K
  class space    used 2099K, capacity 2232K, committed 2304K, reserved 1048576K
}
Event: 3.218 GC heap before
{Heap before GC invocations=4 (full 0):
 PSYoungGen      total 35328K, used 35328K [0x00000000eab00000, 0x00000000ef000000, 0x0000000100000000)
  eden space 32768K, 100% used [0x00000000eab00000,0x00000000ecb00000,0x00000000ecb00000)
  from space 2560K, 100% used [0x00000000ecb00000,0x00000000ecd80000,0x00000000ecd80000)
  to   space 2560K, 0% used [0x00000000eed80000,0x00000000eed80000,0x00000000ef000000)
 ParOldGen       total 44032K, used 5823K [0x00000000c0000000, 0x00000000c2b00000, 0x00000000eab00000)
  object space 44032K, 13% used [0x00000000c0000000,0x00000000c05affb8,0x00000000c2b00000)
 Metaspace       used 20177K, capacity 20654K, committed 20992K, reserved 1067008K
  class space    used 2639K, capacity 2764K, committed 2816K, reserved 1048576K
Event: 3.230 GC heap after
Heap after GC invocations=4 (full 0):
 PSYoungGen      total 68096K, used 2545K [0x00000000eab00000, 0x00000000ef000000, 0x0000000100000000)
  eden space 65536K, 0% used [0x00000000eab00000,0x00000000eab00000,0x00000000eeb00000)
  from space 2560K, 99% used [0x00000000eed80000,0x00000000eeffc4a0,0x00000000ef000000)
  to   space 2560K, 0% used [0x00000000eeb00000,0x00000000eeb00000,0x00000000eed80000)
 ParOldGen       total 44032K, used 10262K [0x00000000c0000000, 0x00000000c2b00000, 0x00000000eab00000)
  object space 44032K, 23% used [0x00000000c0000000,0x00000000c0a05a98,0x00000000c2b00000)
 Metaspace       used 20177K, capacity 20654K, committed 20992K, reserved 1067008K
  class space    used 2639K, capacity 2764K, committed 2816K, reserved 1048576K
}
Event: 3.312 GC heap before
{Heap before GC invocations=5 (full 0):
 PSYoungGen      total 68096K, used 7814K [0x00000000eab00000, 0x00000000ef000000, 0x0000000100000000)
  eden space 65536K, 8% used [0x00000000eab00000,0x00000000eb025748,0x00000000eeb00000)
  from space 2560K, 99% used [0x00000000eed80000,0x00000000eeffc4a0,0x00000000ef000000)
  to   space 2560K, 0% used [0x00000000eeb00000,0x00000000eeb00000,0x00000000eed80000)
 ParOldGen       total 44032K, used 10262K [0x00000000c0000000, 0x00000000c2b00000, 0x00000000eab00000)
  object space 44032K, 23% used [0x00000000c0000000,0x00000000c0a05a98,0x00000000c2b00000)
 Metaspace       used 20736K, capacity 21202K, committed 21296K, reserved 1067008K
  class space    used 2691K, capacity 2834K, committed 2864K, reserved 1048576K
Event: 3.319 GC heap after
Heap after GC invocations=5 (full 0):
 PSYoungGen      total 68096K, used 2547K [0x00000000eab00000, 0x00000000f3b00000, 0x0000000100000000)
  eden space 65536K, 0% used [0x00000000eab00000,0x00000000eab00000,0x00000000eeb00000)
  from space 2560K, 99% used [0x00000000eeb00000,0x00000000eed7cf98,0x00000000eed80000)
  to   space 8192K, 0% used [0x00000000f3300000,0x00000000f3300000,0x00000000f3b00000)
 ParOldGen       total 44032K, used 10924K [0x00000000c0000000, 0x00000000c2b00000, 0x00000000eab00000)
  object space 44032K, 24% used [0x00000000c0000000,0x00000000c0aab268,0x00000000c2b00000)
 Metaspace       used 20736K, capacity 21202K, committed 21296K, reserved 1067008K
  class space    used 2691K, capacity 2834K, committed 2864K, reserved 1048576K
}
Event: 3.319 GC heap before
{Heap before GC invocations=6 (full 1):
 PSYoungGen      total 68096K, used 2547K [0x00000000eab00000, 0x00000000f3b00000, 0x0000000100000000)
  eden space 65536K, 0% used [0x00000000eab00000,0x00000000eab00000,0x00000000eeb00000)
  from space 2560K, 99% used [0x00000000eeb00000,0x00000000eed7cf98,0x00000000eed80000)
  to   space 8192K, 0% used [0x00000000f3300000,0x00000000f3300000,0x00000000f3b00000)
 ParOldGen       total 44032K, used 10924K [0x00000000c0000000, 0x00000000c2b00000, 0x00000000eab00000)
  object space 44032K, 24% used [0x00000000c0000000,0x00000000c0aab268,0x00000000c2b00000)
 Metaspace       used 20736K, capacity 21202K, committed 21296K, reserved 1067008K
  class space    used 2691K, capacity 2834K, committed 2864K, reserved 1048576K
Event: 3.356 GC heap after
Heap after GC invocations=6 (full 1):
 PSYoungGen      total 68096K, used 0K [0x00000000eab00000, 0x00000000f3b00000, 0x0000000100000000)
  eden space 65536K, 0% used [0x00000000eab00000,0x00000000eab00000,0x00000000eeb00000)
  from space 2560K, 0% used [0x00000000eeb00000,0x00000000eeb00000,0x00000000eed80000)
  to   space 8192K, 0% used [0x00000000f3300000,0x00000000f3300000,0x00000000f3b00000)
 ParOldGen       total 31232K, used 5152K [0x00000000c0000000, 0x00000000c1e80000, 0x00000000eab00000)
  object space 31232K, 16% used [0x00000000c0000000,0x00000000c05082d0,0x00000000c1e80000)
 Metaspace       used 20734K, capacity 21196K, committed 21296K, reserved 1067008K
  class space    used 2691K, capacity 2833K, committed 2864K, reserved 1048576K
}
Event: 3.722 GC heap before
{Heap before GC invocations=7 (full 1):
 PSYoungGen      total 68096K, used 65536K [0x00000000eab00000, 0x00000000f3b00000, 0x0000000100000000)
  eden space 65536K, 100% used [0x00000000eab00000,0x00000000eeb00000,0x00000000eeb00000)
  from space 2560K, 0% used [0x00000000eeb00000,0x00000000eeb00000,0x00000000eed80000)
  to   space 8192K, 0% used [0x00000000f3300000,0x00000000f3300000,0x00000000f3b00000)
 ParOldGen       total 31232K, used 5152K [0x00000000c0000000, 0x00000000c1e80000, 0x00000000eab00000)
  object space 31232K, 16% used [0x00000000c0000000,0x00000000c05082d0,0x00000000c1e80000)
 Metaspace       used 23677K, capacity 24348K, committed 24624K, reserved 1071104K
  class space    used 3091K, capacity 3273K, committed 3376K, reserved 1048576K
Event: 3.729 GC heap after
Heap after GC invocations=7 (full 1):
 PSYoungGen      total 118784K, used 4845K [0x00000000eab00000, 0x00000000f3800000, 0x0000000100000000)
  eden space 113664K, 0% used [0x00000000eab00000,0x00000000eab00000,0x00000000f1a00000)
  from space 5120K, 94% used [0x00000000f3300000,0x00000000f37bb4a0,0x00000000f3800000)
  to   space 7680K, 0% used [0x00000000f2900000,0x00000000f2900000,0x00000000f3080000)
 ParOldGen       total 31232K, used 5160K [0x00000000c0000000, 0x00000000c1e80000, 0x00000000eab00000)
  object space 31232K, 16% used [0x00000000c0000000,0x00000000c050a2d0,0x00000000c1e80000)
 Metaspace       used 23677K, capacity 24348K, committed 24624K, reserved 1071104K
  class space    used 3091K, capacity 3273K, committed 3376K, reserved 1048576K
}

